.buildozer/android/platform/build-arm64-v8a_armeabi-v7a/dists/kidsvoc/build/intermediates/manifest_merge_blame_file/debug/manifest-merger-blame-debug-report.txt
1<?xml version="1.0" encoding="utf-8"?>
2<!--
3 Replace org.libsdl.app with the identifier of your game below, e.g.
4     com.gamemaker.game
5-->
6<manifest xmlns:android="http://schemas.android.com/apk/res/android"
7    package="org.example.kidsvoc"
8    android:installLocation="auto"
9    android:versionCode="1021100"
10    android:versionName="1.0" > <!-- Android 2.3.3 -->
11    <uses-sdk
11-->src/main/AndroidManifest.xml:21:5-74
12        android:minSdkVersion="21"
12-->src/main/AndroidManifest.xml:21:15-41
13        android:targetSdkVersion="31" />
13-->src/main/AndroidManifest.xml:21:42-71
14
15    <supports-screens
15-->src/main/AndroidManifest.xml:10:5-18:7
16        android:anyDensity="true"
16-->src/main/AndroidManifest.xml:14:13-38
17        android:largeScreens="true"
17-->src/main/AndroidManifest.xml:13:13-40
18        android:normalScreens="true"
18-->src/main/AndroidManifest.xml:12:13-41
19        android:smallScreens="true"
19-->src/main/AndroidManifest.xml:11:13-40
20        android:xlargeScreens="true" />
20-->src/main/AndroidManifest.xml:16:13-41
21
22    <!-- OpenGL ES 2.0 -->
23    <uses-feature android:glEsVersion="0x00020000" />
23-->src/main/AndroidManifest.xml:24:5-54
23-->src/main/AndroidManifest.xml:24:19-51
24
25    <!-- Set permissions -->
26
27    <uses-permission android:name="android.permission.READ_EXTERNAL_STORAGE" />
27-->src/main/AndroidManifest.xml:28:9-84
27-->src/main/AndroidManifest.xml:28:26-81
28    <uses-permission android:name="android.permission.WRITE_EXTERNAL_STORAGE" />
28-->src/main/AndroidManifest.xml:30:9-85
28-->src/main/AndroidManifest.xml:30:26-82
29
30    <!--
31     Create a Java class extending SDLActivity and place it in a
32         directory under src matching the package, e.g.
33         	src/com/gamemaker/game/MyGame.java
34
35         then replace "SDLActivity" with the name of your class (e.g. "MyGame")
36         in the XML below.
37
38         An example Java class can be found in README-android.txt
39    -->
40    <application
40-->src/main/AndroidManifest.xml:49:5-91:19
41        android:allowBackup="true"
41-->src/main/AndroidManifest.xml:52:18-44
42        android:debuggable="true"
42-->src/main/AndroidManifest.xml:50:18-43
43        android:extractNativeLibs="true"
43-->src/main/AndroidManifest.xml:57:18-50
44        android:hardwareAccelerated="true"
44-->src/main/AndroidManifest.xml:56:18-52
45        android:icon="@mipmap/icon"
45-->src/main/AndroidManifest.xml:51:18-45
46        android:label="@string/app_name"
46-->src/main/AndroidManifest.xml:49:18-50
47        android:theme="@android:style/Theme.NoTitleBar.Fullscreen" >
47-->src/main/AndroidManifest.xml:55:18-76
48        <meta-data
48-->src/main/AndroidManifest.xml:61:9-75
49            android:name="android.max_aspect"
49-->src/main/AndroidManifest.xml:61:20-53
50            android:value="2.1" />
50-->src/main/AndroidManifest.xml:61:54-73
51        <meta-data
51-->src/main/AndroidManifest.xml:62:9-63
52            android:name="wakelock"
52-->src/main/AndroidManifest.xml:62:20-43
53            android:value="0" />
53-->src/main/AndroidManifest.xml:62:44-61
54
55        <activity
55-->src/main/AndroidManifest.xml:64:9-81:40
56            android:name="org.kivy.android.PythonActivity"
56-->src/main/AndroidManifest.xml:64:19-65
57            android:configChanges="mcc|mnc|locale|touchscreen|keyboard|keyboardHidden|navigation|orientation|screenLayout|fontScale|uiMode|uiMode|screenSize|smallestScreenSize|layoutDirection"
57-->src/main/AndroidManifest.xml:66:19-199
58            android:exported="true"
58-->src/main/AndroidManifest.xml:68:19-42
59            android:label="@string/app_name"
59-->src/main/AndroidManifest.xml:65:19-51
60            android:launchMode="singleTask"
60-->src/main/AndroidManifest.xml:70:19-50
61            android:screenOrientation="portrait" >
61-->src/main/AndroidManifest.xml:67:19-55
62            <intent-filter>
62-->src/main/AndroidManifest.xml:74:13-81:29
63                <action android:name="android.intent.action.MAIN" />
63-->src/main/AndroidManifest.xml:76:17-69
63-->src/main/AndroidManifest.xml:76:25-66
64
65                <category android:name="android.intent.category.LAUNCHER" />
65-->src/main/AndroidManifest.xml:77:17-77
65-->src/main/AndroidManifest.xml:77:27-74
66            </intent-filter>
67        </activity>
68    </application>
69
70</manifest>